<?xml version="1.0" encoding="UTF-8"?>
<!-- Generated by org.testng.reporters.JUnitReportReporter -->
<testsuite skipped="0" hostname="AKSAINI-AT37S" name="com.Git.com.EGIT.multiplewindow" tests="1" failures="0" timestamp="26 Jun 2017 09:53:10 GMT" time="12.749" errors="0">
  <testcase name="multiplewindow" time="12.749" classname="com.Git.com.EGIT.multiplewindow"/>
</testsuite> <!-- com.Git.com.EGIT.multiplewindow -->
