<?xml version="1.0" encoding="UTF-8"?>
<!-- Generated by org.testng.reporters.JUnitReportReporter -->
<testsuite skipped="0" hostname="AKSAINI-AT37S" name="com.Git.com.EGIT.robot" tests="1" failures="0" timestamp="05 Jul 2017 12:45:03 GMT" time="34.483" errors="0">
  <testcase name="robots" time="34.483" classname="com.Git.com.EGIT.robot"/>
</testsuite> <!-- com.Git.com.EGIT.robot -->
