<?xml version="1.0" encoding="UTF-8"?>
<!-- Generated by org.testng.reporters.JUnitReportReporter -->
<testsuite skipped="0" hostname="AKSAINI-AT37S" name="com.Git.com.EGIT.TestNaukri" tests="1" failures="0" timestamp="19 Jun 2017 08:03:16 GMT" time="43.544" errors="0">
  <testcase name="TestPopUp" time="43.544" classname="com.Git.com.EGIT.TestNaukri"/>
</testsuite> <!-- com.Git.com.EGIT.TestNaukri -->
