<?xml version="1.0" encoding="UTF-8"?>
<!-- Generated by org.testng.reporters.JUnitReportReporter -->
<testsuite skipped="0" hostname="AKSAINI-AT37S" name="com.Git.com.EGIT.drag_drop" tests="1" failures="0" timestamp="25 Jun 2017 16:05:52 GMT" time="15.030" errors="0">
  <testcase name="dragNdrop" time="15.030" classname="com.Git.com.EGIT.drag_drop"/>
</testsuite> <!-- com.Git.com.EGIT.drag_drop -->
