<?xml version="1.0" encoding="UTF-8"?>
<!-- Generated by org.testng.reporters.JUnitReportReporter -->
<testsuite skipped="0" hostname="AKSAINI-AT37S" name="com.Git.com.EGIT.alert" tests="1" failures="0" timestamp="26 Jun 2017 19:56:39 GMT" time="55.969" errors="0">
  <testcase name="alerts" time="55.969" classname="com.Git.com.EGIT.alert"/>
</testsuite> <!-- com.Git.com.EGIT.alert -->
