<?xml version="1.0" encoding="UTF-8"?>
<!-- Generated by org.testng.reporters.JUnitReportReporter -->
<testsuite skipped="0" hostname="AKSAINI-AT37S" name="com.Git.com.EGIT.strings" tests="1" failures="0" timestamp="25 Jun 2017 00:37:39 GMT" time="20.714" errors="0">
  <testcase name="robot" time="20.714" classname="com.Git.com.EGIT.strings"/>
</testsuite> <!-- com.Git.com.EGIT.strings -->
