<?xml version="1.0" encoding="UTF-8"?>
<!-- Generated by org.testng.reporters.JUnitReportReporter -->
<testsuite skipped="0" hostname="AKSAINI-AT37S" name="com.Git.com.EGIT.robot" tests="1" failures="0" timestamp="25 Jun 2017 09:13:38 GMT" time="41.224" errors="0">
  <testcase name="robot" time="41.224" classname="com.Git.com.EGIT.robot"/>
</testsuite> <!-- com.Git.com.EGIT.robot -->
