<?xml version="1.0" encoding="UTF-8"?>
<!-- Generated by org.testng.reporters.JUnitReportReporter -->
<testsuite skipped="0" hostname="AKSAINI-AT37S" name="com.Git.com.EGIT.iframes" tests="1" failures="0" timestamp="29 Jun 2017 16:40:23 GMT" time="13.722" errors="0">
  <testcase name="frames" time="13.722" classname="com.Git.com.EGIT.iframes"/>
</testsuite> <!-- com.Git.com.EGIT.iframes -->
