<?xml version="1.0" encoding="UTF-8"?>
<!-- Generated by org.testng.reporters.JUnitReportReporter -->
<testsuite skipped="0" hostname="AKSAINI-AT37S" name="com.Git.com.EGIT.robot_upload" tests="1" failures="0" timestamp="05 Jul 2017 12:45:03 GMT" time="48.584" errors="0">
  <testcase name="upload" time="48.584" classname="com.Git.com.EGIT.robot_upload"/>
</testsuite> <!-- com.Git.com.EGIT.robot_upload -->
