<?xml version="1.0" encoding="UTF-8"?>
<!-- Generated by org.testng.reporters.JUnitReportReporter -->
<testsuite skipped="0" hostname="AKSAINI-AT37S" name="com.Git.com.EGIT.addcookies" tests="1" failures="0" timestamp="27 Jun 2017 05:15:14 GMT" time="18.901" errors="0">
  <testcase name="cookies" time="18.901" classname="com.Git.com.EGIT.addcookies"/>
</testsuite> <!-- com.Git.com.EGIT.addcookies -->
