<?xml version="1.0" encoding="UTF-8"?>
<!-- Generated by org.testng.reporters.JUnitReportReporter -->
<testsuite skipped="0" hostname="AKSAINI-AT37S" name="com.Git.com.EGIT.wait" tests="1" failures="0" timestamp="25 Jun 2017 18:59:48 GMT" time="12.725" errors="0">
  <testcase name="allwait" time="12.725" classname="com.Git.com.EGIT.wait"/>
</testsuite> <!-- com.Git.com.EGIT.wait -->
