<?xml version="1.0" encoding="UTF-8"?>
<!-- Generated by org.testng.reporters.JUnitReportReporter -->
<testsuite skipped="0" hostname="AKSAINI-AT37S" name="com.Git.com.EGIT.AppTest" tests="1" failures="0" timestamp="05 Jul 2017 12:45:03 GMT" time="0.006" errors="0">
  <testcase name="testApp" time="0.006" classname="com.Git.com.EGIT.AppTest"/>
</testsuite> <!-- com.Git.com.EGIT.AppTest -->
