<?xml version="1.0" encoding="UTF-8"?>
<!-- Generated by org.testng.reporters.JUnitReportReporter -->
<testsuite skipped="0" hostname="AKSAINI-AT37S" name="com.Git.com.EGIT.robot" tests="1" failures="0" timestamp="25 Jun 2017 16:26:09 GMT" time="20.903" errors="0">
  <testcase name="robot" time="20.903" classname="com.Git.com.EGIT.robot"/>
</testsuite> <!-- com.Git.com.EGIT.robot -->
