<?xml version="1.0" encoding="UTF-8"?>
<!-- Generated by org.testng.reporters.JUnitReportReporter -->
<testsuite hostname="AKSAINI-AT37S" name="SeleniumExamples.BootStrap" tests="1" failures="0" timestamp="23 Sep 2017 12:09:07 GMT" time="51.969" errors="0">
  <testcase name="Bootstrapfun" time="51.969" classname="SeleniumExamples.BootStrap"/>
</testsuite>
