<?xml version="1.0" encoding="UTF-8"?>
<!-- Generated by org.testng.reporters.JUnitReportReporter -->
<testsuite hostname="AKSAINI-AT37S" name="SeleniumExamples.IframeGeneric" tests="1" failures="0" timestamp="23 Sep 2017 10:42:47 GMT" time="10.948" errors="0">
  <testcase name="exampleiframe" time="10.948" classname="SeleniumExamples.IframeGeneric"/>
</testsuite>
