<?xml version="1.0" encoding="UTF-8"?>
<!-- Generated by org.testng.reporters.JUnitReportReporter -->
<testsuite hostname="AKSAINI-AT37S" name="com.Git.com.EGIT.robot" tests="1" failures="0" timestamp="14 Jul 2017 11:20:37 GMT" time="22.606" errors="0">
  <testcase name="robots" time="22.606" classname="com.Git.com.EGIT.robot"/>
</testsuite> <!-- com.Git.com.EGIT.robot -->
