<?xml version="1.0" encoding="UTF-8"?>
<!-- Generated by org.testng.reporters.JUnitReportReporter -->
<testsuite skipped="0" hostname="AKSAINI-AT37S" name="com.Git.com.EGIT.alert" tests="1" failures="0" timestamp="05 Jul 2017 12:45:03 GMT" time="21.363" errors="0">
  <testcase name="alerts" time="21.363" classname="com.Git.com.EGIT.alert"/>
</testsuite> <!-- com.Git.com.EGIT.alert -->
