<?xml version="1.0" encoding="UTF-8"?>
<!-- Generated by org.testng.reporters.JUnitReportReporter -->
<testsuite skipped="0" hostname="AKSAINI-AT37S" name="com.Git.com.EGIT.wait" tests="1" failures="0" timestamp="05 Jul 2017 12:49:35 GMT" time="22.854" errors="0">
  <testcase name="allwait" time="22.854" classname="com.Git.com.EGIT.wait"/>
</testsuite> <!-- com.Git.com.EGIT.wait -->
