<?xml version="1.0" encoding="UTF-8"?>
<!-- Generated by org.testng.reporters.JUnitReportReporter -->
<testsuite hostname="AKSAINI-AT37S" name="com.Git.com.EGIT.TestNaukri" tests="1" failures="0" timestamp="23 Aug 2017 18:49:55 GMT" time="132.951" errors="0">
  <testcase name="TestPopUp" time="132.951" classname="com.Git.com.EGIT.TestNaukri"/>
</testsuite> <!-- com.Git.com.EGIT.TestNaukri -->
