<?xml version="1.0" encoding="UTF-8"?>
<!-- Generated by org.testng.reporters.JUnitReportReporter -->
<testsuite hostname="AKSAINI-AT37S" name="com.Git.com.EGIT.Record_TestNauri" tests="1" failures="0" timestamp="23 Aug 2017 19:09:37 GMT" time="199.110" errors="0">
  <testcase name="TestPopUp" time="199.110" classname="com.Git.com.EGIT.Record_TestNauri"/>
</testsuite> <!-- com.Git.com.EGIT.Record_TestNauri -->
