<?xml version="1.0" encoding="UTF-8"?>
<!-- Generated by org.testng.reporters.JUnitReportReporter -->
<testsuite hostname="AKSAINI-AT37S" name="SeleniumExamples.addcookies" tests="1" failures="0" timestamp="23 Sep 2017 09:40:03 GMT" time="14.956" errors="0">
  <testcase name="cookies" time="14.956" classname="SeleniumExamples.addcookies"/>
</testsuite>
