<?xml version="1.0" encoding="UTF-8"?>
<!-- Generated by org.testng.reporters.JUnitReportReporter -->
<testsuite hostname="AKSAINI-AT37S" name="com.Git.com.EGIT.Chrome" tests="1" failures="0" timestamp="16 Sep 2017 21:23:15 GMT" time="14.483" errors="0">
  <testcase name="chorme" time="14.483" classname="com.Git.com.EGIT.Chrome"/>
</testsuite>
