<?xml version="1.0" encoding="UTF-8"?>
<!-- Generated by org.testng.reporters.JUnitReportReporter -->
<testsuite hostname="AKSAINI-AT37S" name="SeleniumExamples.alert" tests="1" failures="0" timestamp="23 Sep 2017 12:06:49 GMT" time="18.132" errors="0">
  <testcase name="alerts" time="18.132" classname="SeleniumExamples.alert"/>
</testsuite>
