<?xml version="1.0" encoding="UTF-8"?>
<!-- Generated by org.testng.reporters.JUnitReportReporter -->
<testsuite hostname="AKSAINI-AT37S" name="SeleniumExamples.Chrome" tests="1" failures="0" timestamp="23 Sep 2017 08:22:33 GMT" time="11.888" errors="0">
  <testcase name="chorme" time="11.888" classname="SeleniumExamples.Chrome"/>
</testsuite>
