<?xml version="1.0" encoding="UTF-8"?>
<!-- Generated by org.testng.reporters.JUnitReportReporter -->
<testsuite hostname="AKSAINI-AT37S" name="SeleniumExamples.drag_drop" tests="1" failures="0" timestamp="23 Sep 2017 11:44:23 GMT" time="25.447" errors="0">
  <testcase name="dragNdrop" time="25.447" classname="SeleniumExamples.drag_drop"/>
</testsuite>
