<?xml version="1.0" encoding="UTF-8"?>
<!-- Generated by org.testng.reporters.JUnitReportReporter -->
<testsuite hostname="AKSAINI-AT37S" name="SeleniumExamples.Action" tests="1" failures="0" timestamp="23 Sep 2017 11:49:28 GMT" time="48.910" errors="0">
  <testcase name="check_action" time="48.910" classname="SeleniumExamples.Action"/>
</testsuite>
