<?xml version="1.0" encoding="UTF-8"?>
<!-- Generated by org.testng.reporters.JUnitReportReporter -->
<testsuite skipped="0" hostname="AKSAINI-AT37S" name="com.Git.com.EGIT.multiplewindow" tests="1" failures="0" timestamp="05 Jul 2017 13:08:51 GMT" time="16.167" errors="0">
  <testcase name="multiplewindows" time="16.167" classname="com.Git.com.EGIT.multiplewindow"/>
</testsuite> <!-- com.Git.com.EGIT.multiplewindow -->
