<?xml version="1.0" encoding="UTF-8"?>
<!-- Generated by org.testng.reporters.JUnitReportReporter -->
<testsuite skipped="0" hostname="AKSAINI-AT37S" name="com.Git.com.EGIT.addcookies" tests="1" failures="0" timestamp="05 Jul 2017 13:08:51 GMT" time="16.788" errors="0">
  <testcase name="cookies" time="16.788" classname="com.Git.com.EGIT.addcookies"/>
</testsuite> <!-- com.Git.com.EGIT.addcookies -->
