<?xml version="1.0" encoding="UTF-8"?>
<!-- Generated by org.testng.reporters.JUnitReportReporter -->
<testsuite skipped="0" hostname="AKSAINI-AT37S" name="com.Git.com.EGIT.robot_upload" tests="1" failures="0" timestamp="05 Jul 2017 13:08:51 GMT" time="46.313" errors="0">
  <testcase name="upload" time="46.313" classname="com.Git.com.EGIT.robot_upload"/>
</testsuite> <!-- com.Git.com.EGIT.robot_upload -->
